This file contains any messages produced by compilers while
running configure, to aid debugging if configure makes a mistake.

It was created by src configure 0.1, which was
generated by GNU Autoconf 2.69.  Invocation command line was

  $ ./configure --disable-option-checking --prefix=/usr/local --cache-file=/dev/null --srcdir=. --no-create --no-recursion

## --------- ##
## Platform. ##
## --------- ##

hostname = desktop.klimanov.hopto.org
uname -m = x86_64
uname -r = 4.19.0-1-amd64
uname -s = Linux
uname -v = #1 SMP Debian 4.19.13-1 (2018-12-30)

/usr/bin/uname -p = unknown
/bin/uname -X     = unknown

/bin/arch              = unknown
/usr/bin/arch -k       = unknown
/usr/convex/getsysinfo = unknown
/usr/bin/hostinfo      = unknown
/bin/machine           = unknown
/usr/bin/oslevel       = unknown
/bin/universe          = unknown

PATH: /usr/local/bin
PATH: /usr/bin
PATH: /bin
PATH: /usr/local/games
PATH: /usr/games
PATH: /usr/local/pspdev/bin


## ----------- ##
## Core tests. ##
## ----------- ##

configure:1892: checking for a BSD-compatible install
configure:1960: result: /usr/bin/install -c
configure:1971: checking whether build environment is sane
configure:2026: result: yes
configure:2177: checking for a thread-safe mkdir -p
configure:2216: result: /bin/mkdir -p
configure:2223: checking for gawk
configure:2239: found /usr/bin/gawk
configure:2250: result: gawk
configure:2261: checking whether make sets $(MAKE)
configure:2283: result: yes
configure:2312: checking whether make supports nested variables
configure:2329: result: yes
configure:2513: checking for g++
configure:2529: found /usr/bin/g++
configure:2540: result: g++
configure:2567: checking for C++ compiler version
configure:2576: g++ --version >&5
g++ (Debian 8.2.0-13) 8.2.0
Copyright (C) 2018 Free Software Foundation, Inc.
This is free software; see the source for copying conditions.  There is NO
warranty; not even for MERCHANTABILITY or FITNESS FOR A PARTICULAR PURPOSE.

configure:2587: $? = 0
configure:2576: g++ -v >&5
Using built-in specs.
COLLECT_GCC=g++
COLLECT_LTO_WRAPPER=/usr/lib/gcc/x86_64-linux-gnu/8/lto-wrapper
OFFLOAD_TARGET_NAMES=nvptx-none
OFFLOAD_TARGET_DEFAULT=1
Target: x86_64-linux-gnu
Configured with: ../src/configure -v --with-pkgversion='Debian 8.2.0-13' --with-bugurl=file:///usr/share/doc/gcc-8/README.Bugs --enable-languages=c,ada,c++,go,brig,d,fortran,objc,obj-c++ --prefix=/usr --with-gcc-major-version-only --program-suffix=-8 --program-prefix=x86_64-linux-gnu- --enable-shared --enable-linker-build-id --libexecdir=/usr/lib --without-included-gettext --enable-threads=posix --libdir=/usr/lib --enable-nls --enable-clocale=gnu --enable-libstdcxx-debug --enable-libstdcxx-time=yes --with-default-libstdcxx-abi=new --enable-gnu-unique-object --disable-vtable-verify --enable-libmpx --enable-plugin --enable-default-pie --with-system-zlib --with-target-system-zlib --enable-objc-gc=auto --enable-multiarch --disable-werror --with-arch-32=i686 --with-abi=m64 --with-multilib-list=m32,m64,mx32 --enable-multilib --with-tune=generic --enable-offload-targets=nvptx-none --without-cuda-driver --enable-checking=release --build=x86_64-linux-gnu --host=x86_64-linux-gnu --target=x86_64-linux-gnu
Thread model: posix
gcc version 8.2.0 (Debian 8.2.0-13) 
configure:2587: $? = 0
configure:2576: g++ -V >&5
g++: error: unrecognized command line option '-V'
g++: fatal error: no input files
compilation terminated.
configure:2587: $? = 1
configure:2576: g++ -qversion >&5
g++: error: unrecognized command line option '-qversion'; did you mean '--version'?
g++: fatal error: no input files
compilation terminated.
configure:2587: $? = 1
configure:2607: checking whether the C++ compiler works
configure:2629: g++    conftest.cpp  >&5
configure:2633: $? = 0
configure:2681: result: yes
configure:2684: checking for C++ compiler default output file name
configure:2686: result: a.out
configure:2692: checking for suffix of executables
configure:2699: g++ -o conftest    conftest.cpp  >&5
configure:2703: $? = 0
configure:2725: result: 
configure:2747: checking whether we are cross compiling
configure:2755: g++ -o conftest    conftest.cpp  >&5
configure:2759: $? = 0
configure:2766: ./conftest
configure:2770: $? = 0
configure:2785: result: no
configure:2790: checking for suffix of object files
configure:2812: g++ -c   conftest.cpp >&5
configure:2816: $? = 0
configure:2837: result: o
configure:2841: checking whether we are using the GNU C++ compiler
configure:2860: g++ -c   conftest.cpp >&5
configure:2860: $? = 0
configure:2869: result: yes
configure:2878: checking whether g++ accepts -g
configure:2898: g++ -c -g  conftest.cpp >&5
configure:2898: $? = 0
configure:2939: result: yes
configure:2965: checking whether make supports the include directive
configure:2980: make -f confmf.GNU && cat confinc.out
make[2]: Entering directory '/home/anton/doodler/src'
make[2]: Leaving directory '/home/anton/doodler/src'
this is the am__doit target
configure:2983: $? = 0
configure:3002: result: yes (GNU style)
configure:3027: checking dependency style of g++
configure:3138: result: gcc3
configure:3196: checking for ranlib
configure:3212: found /usr/bin/ranlib
configure:3223: result: ranlib
configure:3293: checking for gcc
configure:3309: found /usr/bin/gcc
configure:3320: result: gcc
configure:3549: checking for C compiler version
configure:3558: gcc --version >&5
gcc (Debian 8.2.0-13) 8.2.0
Copyright (C) 2018 Free Software Foundation, Inc.
This is free software; see the source for copying conditions.  There is NO
warranty; not even for MERCHANTABILITY or FITNESS FOR A PARTICULAR PURPOSE.

configure:3569: $? = 0
configure:3558: gcc -v >&5
Using built-in specs.
COLLECT_GCC=gcc
COLLECT_LTO_WRAPPER=/usr/lib/gcc/x86_64-linux-gnu/8/lto-wrapper
OFFLOAD_TARGET_NAMES=nvptx-none
OFFLOAD_TARGET_DEFAULT=1
Target: x86_64-linux-gnu
Configured with: ../src/configure -v --with-pkgversion='Debian 8.2.0-13' --with-bugurl=file:///usr/share/doc/gcc-8/README.Bugs --enable-languages=c,ada,c++,go,brig,d,fortran,objc,obj-c++ --prefix=/usr --with-gcc-major-version-only --program-suffix=-8 --program-prefix=x86_64-linux-gnu- --enable-shared --enable-linker-build-id --libexecdir=/usr/lib --without-included-gettext --enable-threads=posix --libdir=/usr/lib --enable-nls --enable-clocale=gnu --enable-libstdcxx-debug --enable-libstdcxx-time=yes --with-default-libstdcxx-abi=new --enable-gnu-unique-object --disable-vtable-verify --enable-libmpx --enable-plugin --enable-default-pie --with-system-zlib --with-target-system-zlib --enable-objc-gc=auto --enable-multiarch --disable-werror --with-arch-32=i686 --with-abi=m64 --with-multilib-list=m32,m64,mx32 --enable-multilib --with-tune=generic --enable-offload-targets=nvptx-none --without-cuda-driver --enable-checking=release --build=x86_64-linux-gnu --host=x86_64-linux-gnu --target=x86_64-linux-gnu
Thread model: posix
gcc version 8.2.0 (Debian 8.2.0-13) 
configure:3569: $? = 0
configure:3558: gcc -V >&5
gcc: error: unrecognized command line option '-V'
gcc: fatal error: no input files
compilation terminated.
configure:3569: $? = 1
configure:3558: gcc -qversion >&5
gcc: error: unrecognized command line option '-qversion'; did you mean '--version'?
gcc: fatal error: no input files
compilation terminated.
configure:3569: $? = 1
configure:3573: checking whether we are using the GNU C compiler
configure:3592: gcc -c   conftest.c >&5
configure:3592: $? = 0
configure:3601: result: yes
configure:3610: checking whether gcc accepts -g
configure:3630: gcc -c -g  conftest.c >&5
configure:3630: $? = 0
configure:3671: result: yes
configure:3688: checking for gcc option to accept ISO C89
configure:3751: gcc  -c -g -O2  conftest.c >&5
configure:3751: $? = 0
configure:3764: result: none needed
configure:3789: checking whether gcc understands -c and -o together
configure:3811: gcc -c conftest.c -o conftest2.o
configure:3814: $? = 0
configure:3811: gcc -c conftest.c -o conftest2.o
configure:3814: $? = 0
configure:3826: result: yes
configure:3845: checking dependency style of gcc
configure:3956: result: gcc3
configure:4021: checking for ar
configure:4037: found /usr/bin/ar
configure:4048: result: ar
configure:4074: checking the archiver (ar) interface
configure:4090: gcc -c -g -O2  conftest.c >&5
configure:4090: $? = 0
configure:4092: ar cru libconftest.a conftest.o >&5
ar: `u' modifier ignored since `D' is the default (see `U')
configure:4095: $? = 0
configure:4123: result: ar
configure:4290: checking that generated files are newer than configure
configure:4296: result: done
configure:4323: creating ./config.status

## ---------------- ##
## Cache variables. ##
## ---------------- ##

ac_cv_c_compiler_gnu=yes
ac_cv_cxx_compiler_gnu=yes
ac_cv_env_CCC_set=
ac_cv_env_CCC_value=
ac_cv_env_CC_set=
ac_cv_env_CC_value=
ac_cv_env_CFLAGS_set=
ac_cv_env_CFLAGS_value=
ac_cv_env_CPPFLAGS_set=
ac_cv_env_CPPFLAGS_value=
ac_cv_env_CXXFLAGS_set=
ac_cv_env_CXXFLAGS_value=
ac_cv_env_CXX_set=
ac_cv_env_CXX_value=
ac_cv_env_LDFLAGS_set=
ac_cv_env_LDFLAGS_value=
ac_cv_env_LIBS_set=
ac_cv_env_LIBS_value=
ac_cv_env_build_alias_set=
ac_cv_env_build_alias_value=
ac_cv_env_host_alias_set=
ac_cv_env_host_alias_value=
ac_cv_env_target_alias_set=
ac_cv_env_target_alias_value=
ac_cv_objext=o
ac_cv_path_install='/usr/bin/install -c'
ac_cv_path_mkdir=/bin/mkdir
ac_cv_prog_AWK=gawk
ac_cv_prog_ac_ct_AR=ar
ac_cv_prog_ac_ct_CC=gcc
ac_cv_prog_ac_ct_CXX=g++
ac_cv_prog_ac_ct_RANLIB=ranlib
ac_cv_prog_cc_c89=
ac_cv_prog_cc_g=yes
ac_cv_prog_cxx_g=yes
ac_cv_prog_make_make_set=yes
am_cv_CC_dependencies_compiler_type=gcc3
am_cv_CXX_dependencies_compiler_type=gcc3
am_cv_ar_interface=ar
am_cv_make_support_nested_variables=yes
am_cv_prog_cc_c_o=yes

## ----------------- ##
## Output variables. ##
## ----------------- ##

ACLOCAL='${SHELL} /home/anton/doodler/missing aclocal-1.16'
AMDEPBACKSLASH='\'
AMDEP_FALSE='#'
AMDEP_TRUE=''
AMTAR='$${TAR-tar}'
AM_BACKSLASH='\'
AM_DEFAULT_V='$(AM_DEFAULT_VERBOSITY)'
AM_DEFAULT_VERBOSITY='1'
AM_V='$(V)'
AR='ar'
AUTOCONF='${SHELL} /home/anton/doodler/missing autoconf'
AUTOHEADER='${SHELL} /home/anton/doodler/missing autoheader'
AUTOMAKE='${SHELL} /home/anton/doodler/missing automake-1.16'
AWK='gawk'
CC='gcc'
CCDEPMODE='depmode=gcc3'
CFLAGS='-g -O2'
CPPFLAGS=''
CXX='g++'
CXXDEPMODE='depmode=gcc3'
CXXFLAGS='-g -O2'
CYGPATH_W='echo'
DEFS='-DPACKAGE_NAME=\"src\" -DPACKAGE_TARNAME=\"src\" -DPACKAGE_VERSION=\"0.1\" -DPACKAGE_STRING=\"src\ 0.1\" -DPACKAGE_BUGREPORT=\"\" -DPACKAGE_URL=\"\" -DPACKAGE=\"src\" -DVERSION=\"0.1\"'
DEPDIR='.deps'
ECHO_C=''
ECHO_N='-n'
ECHO_T=''
EXEEXT=''
INSTALL_DATA='${INSTALL} -m 644'
INSTALL_PROGRAM='${INSTALL}'
INSTALL_SCRIPT='${INSTALL}'
INSTALL_STRIP_PROGRAM='$(install_sh) -c -s'
LDFLAGS=''
LIBOBJS=''
LIBS=''
LTLIBOBJS=''
MAKEINFO='${SHELL} /home/anton/doodler/missing makeinfo'
MKDIR_P='/bin/mkdir -p'
OBJEXT='o'
PACKAGE='src'
PACKAGE_BUGREPORT=''
PACKAGE_NAME='src'
PACKAGE_STRING='src 0.1'
PACKAGE_TARNAME='src'
PACKAGE_URL=''
PACKAGE_VERSION='0.1'
PATH_SEPARATOR=':'
RANLIB='ranlib'
SET_MAKE=''
SHELL='/bin/sh'
STRIP=''
VERSION='0.1'
ac_ct_AR='ar'
ac_ct_CC='gcc'
ac_ct_CXX='g++'
am__EXEEXT_FALSE=''
am__EXEEXT_TRUE='#'
am__fastdepCC_FALSE='#'
am__fastdepCC_TRUE=''
am__fastdepCXX_FALSE='#'
am__fastdepCXX_TRUE=''
am__include='include'
am__isrc=''
am__leading_dot='.'
am__nodep='_no'
am__quote=''
am__tar='$${TAR-tar} chof - "$$tardir"'
am__untar='$${TAR-tar} xf -'
bindir='${exec_prefix}/bin'
build_alias=''
datadir='${datarootdir}'
datarootdir='${prefix}/share'
docdir='${datarootdir}/doc/${PACKAGE_TARNAME}'
dvidir='${docdir}'
exec_prefix='${prefix}'
host_alias=''
htmldir='${docdir}'
includedir='${prefix}/include'
infodir='${datarootdir}/info'
install_sh='${SHELL} /home/anton/doodler/install-sh'
libdir='${exec_prefix}/lib'
libexecdir='${exec_prefix}/libexec'
localedir='${datarootdir}/locale'
localstatedir='${prefix}/var'
mandir='${datarootdir}/man'
mkdir_p='$(MKDIR_P)'
oldincludedir='/usr/include'
pdfdir='${docdir}'
prefix='/usr/local'
program_transform_name='s,x,x,'
psdir='${docdir}'
runstatedir='${localstatedir}/run'
sbindir='${exec_prefix}/sbin'
sharedstatedir='${prefix}/com'
sysconfdir='${prefix}/etc'
target_alias=''

## ----------- ##
## confdefs.h. ##
## ----------- ##

/* confdefs.h */
#define PACKAGE_NAME "src"
#define PACKAGE_TARNAME "src"
#define PACKAGE_VERSION "0.1"
#define PACKAGE_STRING "src 0.1"
#define PACKAGE_BUGREPORT ""
#define PACKAGE_URL ""
#define PACKAGE "src"
#define VERSION "0.1"

configure: exit 0

## ---------------------- ##
## Running config.status. ##
## ---------------------- ##

This file was extended by src config.status 0.1, which was
generated by GNU Autoconf 2.69.  Invocation command line was

  CONFIG_FILES    = 
  CONFIG_HEADERS  = 
  CONFIG_LINKS    = 
  CONFIG_COMMANDS = 
  $ ./config.status 

on desktop.klimanov.hopto.org

config.status:782: creating Makefile
config.status:954: executing depfiles commands
config.status:1031: cd .       && sed -e '/# am--include-marker/d' Makefile         | make -f - am--depfiles
make[2]: Entering directory '/home/anton/doodler/src'
make[2]: Nothing to be done for 'am--depfiles'.
make[2]: Leaving directory '/home/anton/doodler/src'
config.status:1036: $? = 0
